[debug] [2017-11-05T13:23:01.403Z] ----------------------------------------------------------------------
[debug] [2017-11-05T13:23:01.403Z] Command:       C:\Program Files\nodejs\node.exe C:\Users\l.zamboni\AppData\Roaming\npm\node_modules\firebase-tools\bin\firebase deploy
[debug] [2017-11-05T13:23:01.403Z] CLI Version:   3.14.0
[debug] [2017-11-05T13:23:01.403Z] Platform:      win32
[debug] [2017-11-05T13:23:01.403Z] Node Version:  v8.4.0
[debug] [2017-11-05T13:23:01.403Z] Time:          Sun Nov 05 2017 14:23:01 GMT+0100 (ora solare Europa occidentale)
[debug] [2017-11-05T13:23:01.403Z] ----------------------------------------------------------------------
[debug] 
[debug] [2017-11-05T13:23:01.434Z] > command requires scopes: ["email","openid","https://www.googleapis.com/auth/cloudplatformprojects.readonly","https://www.googleapis.com/auth/firebase","https://www.googleapis.com/auth/cloud-platform"]
[debug] [2017-11-05T13:23:01.434Z] > authorizing via signed-in user
[debug] [2017-11-05T13:23:01.449Z] >>> HTTP REQUEST GET https://admin.firebase.com/v1/projects/appartamenti-peio  
 Sun Nov 05 2017 14:23:01 GMT+0100 (ora solare Europa occidentale)
[debug] [2017-11-05T13:23:02.667Z] <<< HTTP RESPONSE 200
[debug] [2017-11-05T13:23:02.667Z] >>> HTTP REQUEST GET https://admin.firebase.com/v1/database/appartamenti-peio/tokens  
 Sun Nov 05 2017 14:23:02 GMT+0100 (ora solare Europa occidentale)
[debug] [2017-11-05T13:23:03.635Z] <<< HTTP RESPONSE 200
[info] 1
[info] 
[info] === Deploying to 'appartamenti-peio'...
[info] 
[info] i  deploying functions
[debug] [2017-11-05T13:23:05.713Z] > [functions] package.json contents: {
  "name": "test-app",
  "version": "0.0.0",
  "license": "MIT",
  "scripts": {
    "ng": "ng",
    "start": "node index.js",
    "build-server": "ng build && ngc",
    "start-ts": "ts-node src/server.ts",
    "start-js": "node index.js",
    "test": "ng test",
    "lint": "ng lint",
    "e2e": "ng e2e"
  },
  "private": true,
  "dependencies": {
    "@angular/animations": "^4.4.6",
    "@angular/common": "^4.2.4",
    "@angular/compiler": "^4.2.4",
    "@angular/core": "^4.2.4",
    "@angular/forms": "^4.2.4",
    "@angular/http": "^4.2.4",
    "@angular/platform-browser": "^4.2.4",
    "@angular/platform-browser-dynamic": "^4.2.4",
    "@angular/platform-server": "^4.4.6",
    "@angular/router": "^4.2.4",
    "core-js": "^2.4.1",
    "firebase-admin": "^5.4.3",
    "firebase-functions": "^0.7.2",
    "rxjs": "^5.4.2",
    "zone.js": "^0.8.14"
  },
  "devDependencies": {
    "@angular/cli": "1.3.0-rc.5",
    "@angular/compiler-cli": "^4.2.4",
    "@angular/language-service": "^4.2.4",
    "@types/jasmine": "~2.5.53",
    "@types/jasminewd2": "~2.0.2",
    "@types/node": "~6.0.60",
    "codelyzer": "~3.2.0",
    "jasmine-core": "~2.6.2",
    "jasmine-spec-reporter": "~4.1.0",
    "karma": "~1.7.0",
    "karma-chrome-launcher": "~2.1.1",
    "karma-cli": "~1.0.1",
    "karma-coverage-istanbul-reporter": "^1.2.1",
    "karma-jasmine": "~1.1.0",
    "karma-jasmine-html-reporter": "^0.2.2",
    "protractor": "~5.1.2",
    "ts-node": "^3.2.2",
    "tslint": "~5.7.0",
    "typescript": "~2.3.3"
  }
}
[info] i  functions: ensuring necessary APIs are enabled...
[info] i  runtimeconfig: ensuring necessary APIs are enabled...
[debug] [2017-11-05T13:23:05.729Z] >>> HTTP REQUEST GET https://servicemanagement.googleapis.com/v1/services/cloudfunctions.googleapis.com/projectSettings/appartamenti-peio?view=CONSUMER_VIEW  
 Sun Nov 05 2017 14:23:05 GMT+0100 (ora solare Europa occidentale)
[debug] [2017-11-05T13:23:05.729Z] >>> HTTP REQUEST GET https://servicemanagement.googleapis.com/v1/services/runtimeconfig.googleapis.com/projectSettings/appartamenti-peio?view=CONSUMER_VIEW  
 Sun Nov 05 2017 14:23:05 GMT+0100 (ora solare Europa occidentale)
[debug] [2017-11-05T13:23:07.129Z] <<< HTTP RESPONSE 200
[info] +  runtimeconfig: all necessary APIs are enabled
[debug] [2017-11-05T13:23:07.175Z] <<< HTTP RESPONSE 200
[info] +  functions: all necessary APIs are enabled
[debug] [2017-11-05T13:23:07.175Z] >>> HTTP REQUEST GET https://appengine.googleapis.com/v1/apps/appartamenti-peio  
 Sun Nov 05 2017 14:23:07 GMT+0100 (ora solare Europa occidentale)
[debug] [2017-11-05T13:23:07.175Z] >>> HTTP REQUEST GET https://apikeys.googleapis.com/v1/projects/appartamenti-peio/apiKeys  
 Sun Nov 05 2017 14:23:07 GMT+0100 (ora solare Europa occidentale)
[debug] [2017-11-05T13:23:08.348Z] <<< HTTP RESPONSE 200
